		Initializing .... 

Total memory allocated = 5452148
		Begin Printing Seed information

Seed point: 203 266 	Path 0 0 	User path -1 -1 -1

---------------------

Print path: 



[203 266] 

		Begin Printing Seed information

Seed point: 203 266 	Path 0 20 	User path 0 49 0

Seed point: 219 264 	Path 21 21 	User path 69 69 69

---------------------

Print path: 



[203 266] [203 267] [204 267] [205 267] [206 267] [207 267] [207 266] 
[208 266] [209 266] [210 266] [211 266] [212 266] [213 266] [214 266] 
[214 265] [215 265] [216 265] [217 265] [218 265] [218 264] [219 264] 
[219 264] 

		Begin Printing Seed information

Seed point: 203 266 	Path 0 20 	User path 0 49 0

Seed point: 219 264 	Path 21 43 	User path 49 102 49

Seed point: 232 254 	Path 44 44 	User path 123 123 123

---------------------

Print path: 



[203 266] [203 267] [204 267] [205 267] [206 267] [207 267] [207 266] 
[208 266] [209 266] [210 266] [211 266] [212 266] [213 266] [214 266] 
[214 265] [215 265] [216 265] [217 265] [218 265] [218 264] [219 264] 
[219 264] [220 264] [221 264] [221 263] [221 262] [221 261] [221 260] 
[221 259] [222 259] [223 258] [224 258] [225 258] [225 257] [226 257] 
[227 257] [227 256] [228 256] [228 255] [229 255] [229 254] [230 254] 
[231 254] [232 254] [232 254] 

