		Initializing .... 

Total memory allocated = 5452148
		Begin Printing Seed information

Seed point: 117 35 	Path 0 0 	User path -1 -1 -1

---------------------

Print path: 



[117 35] 

		Begin Printing Seed information

Seed point: 117 35 	Path 0 21 	User path 0 19 0

Seed point: 127 46 	Path 22 22 	User path 40 40 40

---------------------

Print path: 



[117 35] [117 36] [117 37] [118 37] [119 37] [119 38] [119 39] 
[120 39] [120 40] [120 41] [121 41] [121 42] [122 42] [122 43] 
[123 43] [123 44] [124 44] [125 44] [125 45] [126 45] [127 45] 
[127 46] [127 46] 

		Begin Printing Seed information

Seed point: 117 35 	Path 0 21 	User path 0 19 0

Seed point: 127 46 	Path 22 53 	User path 19 42 19

Seed point: 150 54 	Path 54 54 	User path 62 62 62

---------------------

Print path: 



[117 35] [117 36] [117 37] [118 37] [119 37] [119 38] [119 39] 
[120 39] [120 40] [120 41] [121 41] [121 42] [122 42] [122 43] 
[123 43] [123 44] [124 44] [125 44] [125 45] [126 45] [127 45] 
[127 46] [127 46] [128 46] [129 46] [129 47] [130 47] [131 47] 
[131 48] [132 48] [133 48] [133 49] [134 49] [135 49] [136 49] 
[136 50] [137 50] [138 50] [139 50] [139 51] [140 51] [141 51] 
[142 51] [142 52] [143 52] [144 52] [145 52] [145 53] [146 53] 
[147 53] [148 53] [148 54] [149 54] [150 54] [150 54] 

		Begin Printing Seed information

Seed point: 117 35 	Path 0 21 	User path 0 19 0

Seed point: 127 46 	Path 22 53 	User path 19 42 19

Seed point: 150 54 	Path 54 89 	User path 42 64 42

Seed point: 176 63 	Path 90 90 	User path 84 84 84

---------------------

Print path: 



[117 35] [117 36] [117 37] [118 37] [119 37] [119 38] [119 39] 
[120 39] [120 40] [120 41] [121 41] [121 42] [122 42] [122 43] 
[123 43] [123 44] [124 44] [125 44] [125 45] [126 45] [127 45] 
[127 46] [127 46] [128 46] [129 46] [129 47] [130 47] [131 47] 
[131 48] [132 48] [133 48] [133 49] [134 49] [135 49] [136 49] 
[136 50] [137 50] [138 50] [139 50] [139 51] [140 51] [141 51] 
[142 51] [142 52] [143 52] [144 52] [145 52] [145 53] [146 53] 
[147 53] [148 53] [148 54] [149 54] [150 54] [150 54] [151 54] 
[151 55] [152 55] [153 55] [154 55] [154 56] [155 56] [156 56] 
[157 56] [157 57] [158 57] [159 57] [160 57] [160 58] [161 58] 
[162 58] [163 58] [164 58] [164 59] [165 59] [166 59] [167 59] 
[167 60] [168 60] [169 60] [170 60] [170 61] [171 61] [172 61] 
[172 62] [173 62] [174 62] [174 63] [175 63] [176 63] [176 63] 

		Begin Printing Seed information

Seed point: 117 35 	Path 0 21 	User path 0 19 0

Seed point: 127 46 	Path 22 53 	User path 19 42 19

Seed point: 150 54 	Path 54 89 	User path 42 64 42

Seed point: 176 63 	Path 90 119 	User path 64 85 64

Seed point: 194 74 	Path 120 120 	User path 106 106 106

---------------------

Print path: 



[117 35] [117 36] [117 37] [118 37] [119 37] [119 38] [119 39] 
[120 39] [120 40] [120 41] [121 41] [121 42] [122 42] [122 43] 
[123 43] [123 44] [124 44] [125 44] [125 45] [126 45] [127 45] 
[127 46] [127 46] [128 46] [129 46] [129 47] [130 47] [131 47] 
[131 48] [132 48] [133 48] [133 49] [134 49] [135 49] [136 49] 
[136 50] [137 50] [138 50] [139 50] [139 51] [140 51] [141 51] 
[142 51] [142 52] [143 52] [144 52] [145 52] [145 53] [146 53] 
[147 53] [148 53] [148 54] [149 54] [150 54] [150 54] [151 54] 
[151 55] [152 55] [153 55] [154 55] [154 56] [155 56] [156 56] 
[157 56] [157 57] [158 57] [159 57] [160 57] [160 58] [161 58] 
[162 58] [163 58] [164 58] [164 59] [165 59] [166 59] [167 59] 
[167 60] [168 60] [169 60] [170 60] [170 61] [171 61] [172 61] 
[172 62] [173 62] [174 62] [174 63] [175 63] [176 63] [176 63] 
[177 63] [177 64] [178 64] [179 64] [179 65] [180 65] [181 65] 
[181 66] [182 66] [182 67] [183 67] [184 67] [184 68] [185 68] 
[186 68] [186 69] [187 69] [187 70] [188 70] [189 70] [189 71] 
[190 71] [191 71] [191 72] [192 72] [192 73] [193 73] [193 74] 
[194 74] [194 74] 

		Begin Printing Seed information

Seed point: 117 35 	Path 0 21 	User path 0 19 0

Seed point: 127 46 	Path 22 53 	User path 19 42 19

Seed point: 150 54 	Path 54 89 	User path 42 64 42

Seed point: 176 63 	Path 90 119 	User path 64 85 64

Seed point: 194 74 	Path 120 161 	User path 85 109 85

Seed point: 214 95 	Path 162 162 	User path 128 128 128

---------------------

Print path: 



[117 35] [117 36] [117 37] [118 37] [119 37] [119 38] [119 39] 
[120 39] [120 40] [120 41] [121 41] [121 42] [122 42] [122 43] 
[123 43] [123 44] [124 44] [125 44] [125 45] [126 45] [127 45] 
[127 46] [127 46] [128 46] [129 46] [129 47] [130 47] [131 47] 
[131 48] [132 48] [133 48] [133 49] [134 49] [135 49] [136 49] 
[136 50] [137 50] [138 50] [139 50] [139 51] [140 51] [141 51] 
[142 51] [142 52] [143 52] [144 52] [145 52] [145 53] [146 53] 
[147 53] [148 53] [148 54] [149 54] [150 54] [150 54] [151 54] 
[151 55] [152 55] [153 55] [154 55] [154 56] [155 56] [156 56] 
[157 56] [157 57] [158 57] [159 57] [160 57] [160 58] [161 58] 
[162 58] [163 58] [164 58] [164 59] [165 59] [166 59] [167 59] 
[167 60] [168 60] [169 60] [170 60] [170 61] [171 61] [172 61] 
[172 62] [173 62] [174 62] [174 63] [175 63] [176 63] [176 63] 
[177 63] [177 64] [178 64] [179 64] [179 65] [180 65] [181 65] 
[181 66] [182 66] [182 67] [183 67] [184 67] [184 68] [185 68] 
[186 68] [186 69] [187 69] [187 70] [188 70] [189 70] [189 71] 
[190 71] [191 71] [191 72] [192 72] [192 73] [193 73] [193 74] 
[194 74] [194 74] [195 74] [195 75] [196 75] [196 76] [197 76] 
[197 77] [198 77] [198 78] [199 78] [200 78] [200 79] [200 80] 
[201 80] [202 80] [202 81] [203 81] [203 82] [204 82] [204 83] 
[205 83] [205 84] [206 84] [206 85] [207 85] [207 86] [208 86] 
[208 87] [208 88] [209 88] [209 89] [210 89] [210 90] [211 90] 
[211 91] [212 91] [212 92] [213 92] [213 93] [213 94] [214 94] 
[214 95] [214 95] 

		Begin Printing Seed information

Seed point: 117 35 	Path 0 21 	User path 0 19 0

Seed point: 127 46 	Path 22 53 	User path 19 42 19

Seed point: 150 54 	Path 54 89 	User path 42 64 42

Seed point: 176 63 	Path 90 119 	User path 64 85 64

Seed point: 194 74 	Path 120 161 	User path 85 109 85

Seed point: 214 95 	Path 162 189 	User path 109 129 109

Seed point: 224 112 	Path 190 190 	User path 150 150 150

---------------------

Print path: 



[117 35] [117 36] [117 37] [118 37] [119 37] [119 38] [119 39] 
[120 39] [120 40] [120 41] [121 41] [121 42] [122 42] [122 43] 
[123 43] [123 44] [124 44] [125 44] [125 45] [126 45] [127 45] 
[127 46] [127 46] [128 46] [129 46] [129 47] [130 47] [131 47] 
[131 48] [132 48] [133 48] [133 49] [134 49] [135 49] [136 49] 
[136 50] [137 50] [138 50] [139 50] [139 51] [140 51] [141 51] 
[142 51] [142 52] [143 52] [144 52] [145 52] [145 53] [146 53] 
[147 53] [148 53] [148 54] [149 54] [150 54] [150 54] [151 54] 
[151 55] [152 55] [153 55] [154 55] [154 56] [155 56] [156 56] 
[157 56] [157 57] [158 57] [159 57] [160 57] [160 58] [161 58] 
[162 58] [163 58] [164 58] [164 59] [165 59] [166 59] [167 59] 
[167 60] [168 60] [169 60] [170 60] [170 61] [171 61] [172 61] 
[172 62] [173 62] [174 62] [174 63] [175 63] [176 63] [176 63] 
[177 63] [177 64] [178 64] [179 64] [179 65] [180 65] [181 65] 
[181 66] [182 66] [182 67] [183 67] [184 67] [184 68] [185 68] 
[186 68] [186 69] [187 69] [187 70] [188 70] [189 70] [189 71] 
[190 71] [191 71] [191 72] [192 72] [192 73] [193 73] [193 74] 
[194 74] [194 74] [195 74] [195 75] [196 75] [196 76] [197 76] 
[197 77] [198 77] [198 78] [199 78] [200 78] [200 79] [200 80] 
[201 80] [202 80] [202 81] [203 81] [203 82] [204 82] [204 83] 
[205 83] [205 84] [206 84] [206 85] [207 85] [207 86] [208 86] 
[208 87] [208 88] [209 88] [209 89] [210 89] [210 90] [211 90] 
[211 91] [212 91] [212 92] [213 92] [213 93] [213 94] [214 94] 
[214 95] [214 95] [215 95] [215 96] [216 96] [216 97] [216 98] 
[217 98] [217 99] [217 100] [218 100] [218 101] [219 101] [219 102] 
[219 103] [220 103] [220 104] [221 104] [221 105] [221 106] [222 106] 
[222 107] [222 108] [223 108] [223 109] [223 110] [224 110] [224 111] 
[224 112] [224 112] 

		Begin Printing Seed information

Seed point: 117 35 	Path 0 21 	User path 0 19 0

Seed point: 127 46 	Path 22 53 	User path 19 42 19

Seed point: 150 54 	Path 54 89 	User path 42 64 42

Seed point: 176 63 	Path 90 119 	User path 64 85 64

Seed point: 194 74 	Path 120 161 	User path 85 109 85

Seed point: 214 95 	Path 162 189 	User path 109 129 109

Seed point: 224 112 	Path 190 247 	User path 129 170 129

Seed point: 238 155 	Path 248 248 	User path 170 170 170

---------------------

Print path: 



[117 35] [117 36] [117 37] [118 37] [119 37] [119 38] [119 39] 
[120 39] [120 40] [120 41] [121 41] [121 42] [122 42] [122 43] 
[123 43] [123 44] [124 44] [125 44] [125 45] [126 45] [127 45] 
[127 46] [127 46] [128 46] [129 46] [129 47] [130 47] [131 47] 
[131 48] [132 48] [133 48] [133 49] [134 49] [135 49] [136 49] 
[136 50] [137 50] [138 50] [139 50] [139 51] [140 51] [141 51] 
[142 51] [142 52] [143 52] [144 52] [145 52] [145 53] [146 53] 
[147 53] [148 53] [148 54] [149 54] [150 54] [150 54] [151 54] 
[151 55] [152 55] [153 55] [154 55] [154 56] [155 56] [156 56] 
[157 56] [157 57] [158 57] [159 57] [160 57] [160 58] [161 58] 
[162 58] [163 58] [164 58] [164 59] [165 59] [166 59] [167 59] 
[167 60] [168 60] [169 60] [170 60] [170 61] [171 61] [172 61] 
[172 62] [173 62] [174 62] [174 63] [175 63] [176 63] [176 63] 
[177 63] [177 64] [178 64] [179 64] [179 65] [180 65] [181 65] 
[181 66] [182 66] [182 67] [183 67] [184 67] [184 68] [185 68] 
[186 68] [186 69] [187 69] [187 70] [188 70] [189 70] [189 71] 
[190 71] [191 71] [191 72] [192 72] [192 73] [193 73] [193 74] 
[194 74] [194 74] [195 74] [195 75] [196 75] [196 76] [197 76] 
[197 77] [198 77] [198 78] [199 78] [200 78] [200 79] [200 80] 
[201 80] [202 80] [202 81] [203 81] [203 82] [204 82] [204 83] 
[205 83] [205 84] [206 84] [206 85] [207 85] [207 86] [208 86] 
[208 87] [208 88] [209 88] [209 89] [210 89] [210 90] [211 90] 
[211 91] [212 91] [212 92] [213 92] [213 93] [213 94] [214 94] 
[214 95] [214 95] [215 95] [215 96] [216 96] [216 97] [216 98] 
[217 98] [217 99] [217 100] [218 100] [218 101] [219 101] [219 102] 
[219 103] [220 103] [220 104] [221 104] [221 105] [221 106] [222 106] 
[222 107] [222 108] [223 108] [223 109] [223 110] [224 110] [224 111] 
[224 112] [224 112] [225 112] [225 113] [225 114] [226 114] [226 115] 
[226 116] [227 116] [227 117] [227 118] [228 118] [228 119] [228 120] 
[228 121] [229 121] [229 122] [229 123] [230 123] [230 124] [230 125] 
[230 126] [231 126] [231 127] [231 128] [231 129] [232 129] [232 130] 
[232 131] [232 132] [233 132] [233 133] [233 134] [233 135] [233 136] 
[234 136] [234 137] [234 138] [234 139] [234 140] [235 140] [235 141] 
[235 142] [235 143] [235 144] [236 144] [236 145] [236 146] [236 147] 
[236 148] [236 149] [236 150] [237 150] [237 151] [237 152] [237 153] 
[237 154] [238 154] [238 155] [238 155] 

		Begin Printing Seed information

Seed point: 117 35 	Path 0 21 	User path 0 19 0

Seed point: 127 46 	Path 22 53 	User path 19 42 19

Seed point: 150 54 	Path 54 89 	User path 42 64 42

Seed point: 176 63 	Path 90 119 	User path 64 85 64

Seed point: 194 74 	Path 120 161 	User path 85 109 85

Seed point: 214 95 	Path 162 189 	User path 109 129 109

Seed point: 224 112 	Path 190 247 	User path 129 170 129

Seed point: 238 155 	Path 248 250 	User path 170 173 170

Seed point: 239 156 	Path 251 251 	User path 173 173 173

---------------------

Print path: 



[117 35] [117 36] [117 37] [118 37] [119 37] [119 38] [119 39] 
[120 39] [120 40] [120 41] [121 41] [121 42] [122 42] [122 43] 
[123 43] [123 44] [124 44] [125 44] [125 45] [126 45] [127 45] 
[127 46] [127 46] [128 46] [129 46] [129 47] [130 47] [131 47] 
[131 48] [132 48] [133 48] [133 49] [134 49] [135 49] [136 49] 
[136 50] [137 50] [138 50] [139 50] [139 51] [140 51] [141 51] 
[142 51] [142 52] [143 52] [144 52] [145 52] [145 53] [146 53] 
[147 53] [148 53] [148 54] [149 54] [150 54] [150 54] [151 54] 
[151 55] [152 55] [153 55] [154 55] [154 56] [155 56] [156 56] 
[157 56] [157 57] [158 57] [159 57] [160 57] [160 58] [161 58] 
[162 58] [163 58] [164 58] [164 59] [165 59] [166 59] [167 59] 
[167 60] [168 60] [169 60] [170 60] [170 61] [171 61] [172 61] 
[172 62] [173 62] [174 62] [174 63] [175 63] [176 63] [176 63] 
[177 63] [177 64] [178 64] [179 64] [179 65] [180 65] [181 65] 
[181 66] [182 66] [182 67] [183 67] [184 67] [184 68] [185 68] 
[186 68] [186 69] [187 69] [187 70] [188 70] [189 70] [189 71] 
[190 71] [191 71] [191 72] [192 72] [192 73] [193 73] [193 74] 
[194 74] [194 74] [195 74] [195 75] [196 75] [196 76] [197 76] 
[197 77] [198 77] [198 78] [199 78] [200 78] [200 79] [200 80] 
[201 80] [202 80] [202 81] [203 81] [203 82] [204 82] [204 83] 
[205 83] [205 84] [206 84] [206 85] [207 85] [207 86] [208 86] 
[208 87] [208 88] [209 88] [209 89] [210 89] [210 90] [211 90] 
[211 91] [212 91] [212 92] [213 92] [213 93] [213 94] [214 94] 
[214 95] [214 95] [215 95] [215 96] [216 96] [216 97] [216 98] 
[217 98] [217 99] [217 100] [218 100] [218 101] [219 101] [219 102] 
[219 103] [220 103] [220 104] [221 104] [221 105] [221 106] [222 106] 
[222 107] [222 108] [223 108] [223 109] [223 110] [224 110] [224 111] 
[224 112] [224 112] [225 112] [225 113] [225 114] [226 114] [226 115] 
[226 116] [227 116] [227 117] [227 118] [228 118] [228 119] [228 120] 
[228 121] [229 121] [229 122] [229 123] [230 123] [230 124] [230 125] 
[230 126] [231 126] [231 127] [231 128] [231 129] [232 129] [232 130] 
[232 131] [232 132] [233 132] [233 133] [233 134] [233 135] [233 136] 
[234 136] [234 137] [234 138] [234 139] [234 140] [235 140] [235 141] 
[235 142] [235 143] [235 144] [236 144] [236 145] [236 146] [236 147] 
[236 148] [236 149] [236 150] [237 150] [237 151] [237 152] [237 153] 
[237 154] [238 154] [238 155] [238 155] [239 155] [239 156] [239 156] 

User path


[117 35] [117 36] [117 37] [117 38] [117 39] [117 40] [117 41] 
[117 43] [118 43] [118 44] [119 44] [120 44] [120 45] [121 45] 
[121 46] [122 46] [123 46] [124 46] [126 46] [127 46] [127 47] 
[128 47] [129 47] [130 47] [131 47] [131 48] [132 48] [133 48] 
[134 48] [135 48] [136 49] [137 49] [138 49] [139 49] [140 50] 
[141 50] [142 51] [143 52] [144 52] [145 53] [147 53] [150 56] 
[150 54] [151 56] [152 57] [153 57] [154 58] [155 59] [156 60] 
[157 60] [158 60] [159 60] [160 61] [161 61] [162 62] [163 64] 
[164 64] [165 65] [166 65] [168 65] [169 65] [170 65] [171 65] 
[174 67] [176 63] [176 68] [177 69] [178 69] [179 69] [180 69] 
[180 70] [181 70] [182 70] [183 70] [183 71] [184 71] [184 72] 
[185 72] [186 72] [188 73] [189 73] [189 74] [190 74] [191 74] 
[192 74] [194 74] [194 76] [194 77] [195 77] [196 77] [196 78] 
[197 78] [197 79] [197 80] [198 80] [199 81] [200 82] [200 84] 
[201 85] [201 86] [202 86] [202 87] [203 87] [204 88] [204 89] 
[205 90] [205 91] [210 98] [211 98] [214 95] [211 99] [212 100] 
[213 100] [213 101] [214 102] [214 103] [215 105] [215 106] [216 106] 
[216 107] [217 107] [217 108] [218 109] [218 110] [219 111] [219 112] 
[220 112] [220 113] [221 114] [224 112] [222 115] [224 117] [224 118] 
[225 118] [225 119] [225 120] [225 121] [226 122] [226 123] [226 125] 
[226 127] [227 128] [227 129] [228 130] [228 131] [230 132] [230 133] 
[230 134] [230 135] [231 136] [231 137] [232 140] [232 141] [233 142] 
[233 143] [233 144] [234 144] [234 146] [234 147] [234 148] [234 149] 
[235 149] [235 150] [235 151] [236 152] [236 153] [237 153] [237 154] 
[238 154] [238 155] [238 155] [238 156] [239 156] [239 156] 

		Begin Printing Seed information

Seed point: 117 35 	Path 0 21 	User path 0 19 0

Seed point: 127 46 	Path 22 53 	User path 19 42 19

Seed point: 150 54 	Path 54 89 	User path 42 64 42

Seed point: 176 63 	Path 90 119 	User path 64 85 64

Seed point: 194 74 	Path 120 161 	User path 85 109 85

Seed point: 214 95 	Path 162 189 	User path 109 129 109

Seed point: 224 112 	Path 190 247 	User path 129 170 129

Seed point: 238 155 	Path 248 250 	User path 170 173 170

Seed point: 239 156 	Path 251 251 	User path 173 174 173

Seed point: 239 156 	Path 252 252 	User path 174 174 174

---------------------

Print path: 



[117 35] [117 36] [117 37] [118 37] [119 37] [119 38] [119 39] 
[120 39] [120 40] [120 41] [121 41] [121 42] [122 42] [122 43] 
[123 43] [123 44] [124 44] [125 44] [125 45] [126 45] [127 45] 
[127 46] [127 46] [128 46] [129 46] [129 47] [130 47] [131 47] 
[131 48] [132 48] [133 48] [133 49] [134 49] [135 49] [136 49] 
[136 50] [137 50] [138 50] [139 50] [139 51] [140 51] [141 51] 
[142 51] [142 52] [143 52] [144 52] [145 52] [145 53] [146 53] 
[147 53] [148 53] [148 54] [149 54] [150 54] [150 54] [151 54] 
[151 55] [152 55] [153 55] [154 55] [154 56] [155 56] [156 56] 
[157 56] [157 57] [158 57] [159 57] [160 57] [160 58] [161 58] 
[162 58] [163 58] [164 58] [164 59] [165 59] [166 59] [167 59] 
[167 60] [168 60] [169 60] [170 60] [170 61] [171 61] [172 61] 
[172 62] [173 62] [174 62] [174 63] [175 63] [176 63] [176 63] 
[177 63] [177 64] [178 64] [179 64] [179 65] [180 65] [181 65] 
[181 66] [182 66] [182 67] [183 67] [184 67] [184 68] [185 68] 
[186 68] [186 69] [187 69] [187 70] [188 70] [189 70] [189 71] 
[190 71] [191 71] [191 72] [192 72] [192 73] [193 73] [193 74] 
[194 74] [194 74] [195 74] [195 75] [196 75] [196 76] [197 76] 
[197 77] [198 77] [198 78] [199 78] [200 78] [200 79] [200 80] 
[201 80] [202 80] [202 81] [203 81] [203 82] [204 82] [204 83] 
[205 83] [205 84] [206 84] [206 85] [207 85] [207 86] [208 86] 
[208 87] [208 88] [209 88] [209 89] [210 89] [210 90] [211 90] 
[211 91] [212 91] [212 92] [213 92] [213 93] [213 94] [214 94] 
[214 95] [214 95] [215 95] [215 96] [216 96] [216 97] [216 98] 
[217 98] [217 99] [217 100] [218 100] [218 101] [219 101] [219 102] 
[219 103] [220 103] [220 104] [221 104] [221 105] [221 106] [222 106] 
[222 107] [222 108] [223 108] [223 109] [223 110] [224 110] [224 111] 
[224 112] [224 112] [225 112] [225 113] [225 114] [226 114] [226 115] 
[226 116] [227 116] [227 117] [227 118] [228 118] [228 119] [228 120] 
[228 121] [229 121] [229 122] [229 123] [230 123] [230 124] [230 125] 
[230 126] [231 126] [231 127] [231 128] [231 129] [232 129] [232 130] 
[232 131] [232 132] [233 132] [233 133] [233 134] [233 135] [233 136] 
[234 136] [234 137] [234 138] [234 139] [234 140] [235 140] [235 141] 
[235 142] [235 143] [235 144] [236 144] [236 145] [236 146] [236 147] 
[236 148] [236 149] [236 150] [237 150] [237 151] [237 152] [237 153] 
[237 154] [238 154] [238 155] [238 155] [239 155] [239 156] [239 156] 
[239 156] 

